checking file include/appl/diag/cmdlist.h
Hunk #1 succeeded at 13 (offset -39 lines).
Hunk #2 succeeded at 232 (offset -33 lines).
checking file include/appl/stktask/attach.h
Hunk #1 succeeded at 28 (offset -39 lines).
checking file include/bcm/custom.h
Hunk #1 succeeded at 12 (offset -39 lines).
checking file include/bcm/field.h
Hunk #1 succeeded at 5226 (offset 622 lines).
checking file include/bcm/types.h
Hunk #1 succeeded at 33 (offset -39 lines).
checking file include/bcm/vlan.h
Hunk #1 FAILED at 2176.
1 out of 1 hunk FAILED
checking file include/bcm_int/esw/link.h
Hunk #1 succeeded at 11 (offset -39 lines).
checking file include/bcm_int/esw/triumph2.h
Hunk #1 succeeded at 71 (offset -38 lines).
checking file include/sal/core/alloc.h
Hunk #1 FAILED at 46.
1 out of 1 hunk FAILED
checking file include/sal/core/boot.h
Hunk #1 succeeded at 64 (offset -39 lines).
checking file include/sdk_custom_config.h
checking file include/shared/alloc.h
Hunk #1 succeeded at 16 (offset -39 lines).
checking file include/shared/bslext.h
Hunk #1 succeeded at 16 (offset -39 lines).
checking file include/soc/arl.h
Hunk #1 FAILED at 50.
1 out of 1 hunk FAILED
checking file include/soc/defs.h
Hunk #1 succeeded at 257 (offset -27 lines).
Hunk #2 succeeded at 274 (offset -27 lines).
Hunk #3 succeeded at 372 (offset -25 lines).
checking file include/soc/drv_if.h
Hunk #1 succeeded at 726 (offset -39 lines).
checking file include/soc/field.h
Hunk #1 succeeded at 13 with fuzz 2 (offset -39 lines).
checking file include/soc/i2c.h
Hunk #1 succeeded at 156 (offset -37 lines).
checking file include/soc/macipadr.h
Hunk #1 succeeded at 11 (offset -39 lines).
checking file include/soc/mcm/allenum.h
Hunk #1 succeeded at 246 (offset -60 lines).
checking file include/soc/phy.h
Hunk #1 succeeded at 664 (offset -20 lines).
checking file include/soc/property.h
Hunk #1 succeeded at 453 (offset -36 lines).
Hunk #2 FAILED at 2527.
1 out of 2 hunks FAILED
checking file make/Make.config
Hunk #1 FAILED at 51.
Hunk #2 FAILED at 603.
Hunk #3 FAILED at 647.
Hunk #4 FAILED at 917.
Hunk #5 FAILED at 937.
Hunk #6 succeeded at 1726 (offset 554 lines).
5 out of 6 hunks FAILED
checking file make/Makefile.linux-gto-2_6
Hunk #1 succeeded at 160 (offset -39 lines).
Hunk #2 succeeded at 197 (offset -39 lines).
checking file make/Makefile.linux-kernel-3_0
checking file make/Make.linux
Hunk #1 succeeded at 17 (offset -39 lines).
Hunk #2 succeeded at 86 (offset -39 lines).
checking file make/Make.local.xgs3
checking file make/Make.local.xgs4
checking file make/Make.local.xgs5
checking file make/make.pkg.vendor
checking file make/makerules.link.vendor
checking file make/makerules.pkg.vendor
checking file make/make.sdk
checking file make/Make.tools
Hunk #1 succeeded at 130 (offset -39 lines).
checking file src/appl/cputrans/atp.c
Hunk #1 succeeded at 3846 (offset -39 lines).
checking file src/appl/diag/cint/sal_cint_data.c
Hunk #1 succeeded at 22 (offset -39 lines).
checking file src/appl/diag/cmdlist.c
Hunk #1 FAILED at 678.
1 out of 1 hunk FAILED
checking file src/appl/diag/config_bcm.c
checking file src/appl/diag/esw/counter.c
Hunk #1 succeeded at 86 (offset -26 lines).
Hunk #2 succeeded at 177 (offset -13 lines).
checking file src/appl/diag/esw/hash.c
Hunk #1 FAILED at 74.
1 out of 1 hunk FAILED
checking file src/appl/diag/helixmem_soc.c
checking file src/appl/diag/Makefile
Hunk #1 succeeded at 73 (offset -28 lines).
checking file src/appl/diag/rc_soc.c
checking file src/appl/diag/robo/counter.c
Hunk #1 succeeded at 43 (offset -39 lines).
Hunk #2 succeeded at 114 (offset -39 lines).
checking file src/appl/diag/shell.c
Hunk #1 succeeded at 728 with fuzz 1 (offset -5 lines).
Hunk #2 FAILED at 843.
Hunk #3 FAILED at 917.
Hunk #4 succeeded at 961 (offset 1 line).
Hunk #5 succeeded at 998 (offset 1 line).
Hunk #6 succeeded at 1058 with fuzz 1 (offset 5 lines).
Hunk #7 FAILED at 3452.
Hunk #8 succeeded at 6789 (offset 297 lines).
Hunk #9 succeeded at 6884 (offset 297 lines).
Hunk #10 succeeded at 6903 (offset 297 lines).
Hunk #11 succeeded at 6997 (offset 297 lines).
3 out of 11 hunks FAILED
checking file src/appl/diag/system.c
Hunk #1 succeeded at 51 (offset -31 lines).
Hunk #2 succeeded at 1871 (offset -12 lines).
Hunk #3 succeeded at 1976 (offset -12 lines).
checking file src/appl/diag/tksdiag.c
Hunk #1 succeeded at 80 (offset -39 lines).
Hunk #2 succeeded at 374 (offset -39 lines).
Hunk #3 succeeded at 1011 (offset -39 lines).
Hunk #4 succeeded at 1086 (offset -39 lines).
checking file src/appl/discover/disc_int.h
Hunk #1 succeeded at 247 (offset -39 lines).
checking file src/appl/stktask/brd_common.c
Hunk #1 succeeded at 442 (offset -39 lines).
Hunk #2 succeeded at 467 (offset -39 lines).
checking file src/appl/stktask/topo_brd.c
Hunk #1 succeeded at 491 (offset -39 lines).
checking file src/appl/stktask/topology.c
Hunk #1 succeeded at 158 (offset -39 lines).
checking file src/bcm/common/rx.c
Hunk #1 FAILED at 4639.
1 out of 1 hunk FAILED
checking file src/bcm/common/tx.c
Hunk #1 succeeded at 2487 (offset 253 lines).
checking file src/bcm/dispatch.c
Hunk #1 succeeded at 10103 with fuzz 2 (offset 1132 lines).
checking file src/bcm/esw/enduro/hashing.c
Hunk #1 succeeded at 38 (offset -39 lines).
checking file src/bcm/esw/enduro/vlan.c
Hunk #1 succeeded at 805 (offset -26 lines).
checking file src/bcm/esw/field.c
Hunk #1 FAILED at 37742.
Hunk #2 FAILED at 37941.
2 out of 2 hunks FAILED
checking file src/bcm/esw/firebolt/vlan.c
Hunk #1 succeeded at 5535 (offset 284 lines).
checking file src/bcm/esw/katana2/cosq.c
Hunk #1 FAILED at 4236.
1 out of 1 hunk FAILED
checking file src/bcm/esw/link.c
Hunk #1 succeeded at 1313 (offset 72 lines).
Hunk #2 succeeded at 3528 (offset 225 lines).
checking file src/bcm/esw/multicast.c
Hunk #1 FAILED at 106.
Hunk #2 FAILED at 2959.
2 out of 2 hunks FAILED
checking file src/bcm/esw/port.c
Hunk #1 succeeded at 6873 (offset 235 lines).
Hunk #2 FAILED at 6720.
Hunk #3 succeeded at 16519 (offset 1468 lines).
Hunk #4 succeeded at 30157 with fuzz 2 (offset 2762 lines).
1 out of 4 hunks FAILED
checking file src/bcm/esw/stat.c
Hunk #1 succeeded at 1064 (offset 30 lines).
checking file src/bcm/esw/switch.c
Hunk #1 succeeded at 4125 (offset 520 lines).
Hunk #2 succeeded at 4336 (offset 520 lines).
checking file src/bcm/esw/trident/cosq.c
Hunk #1 succeeded at 4745 (offset -25 lines).
checking file src/bcm/esw/trident/hashing.c
Hunk #1 succeeded at 38 (offset -39 lines).
checking file src/bcm/esw/trident2/hashing.c
Hunk #1 succeeded at 38 (offset -39 lines).
checking file src/bcm/esw/triumph2/cosq.c
Hunk #1 succeeded at 878 (offset -39 lines).
Hunk #2 succeeded at 932 (offset -39 lines).
Hunk #3 succeeded at 971 (offset -39 lines).
checking file src/bcm/esw/triumph2/vlan.c
Hunk #1 succeeded at 888 (offset -19 lines).
Hunk #2 succeeded at 1468 (offset -19 lines).
checking file src/bcm/esw/triumph2/wlan.c
Hunk #1 succeeded at 799 (offset -26 lines).
Hunk #2 succeeded at 1516 (offset -24 lines).
Hunk #3 succeeded at 1593 (offset -23 lines).
Hunk #4 succeeded at 1658 (offset -23 lines).
Hunk #5 succeeded at 1980 (offset -11 lines).
Hunk #6 succeeded at 2127 (offset -11 lines).
Hunk #7 succeeded at 2320 (offset -11 lines).
Hunk #8 succeeded at 2339 (offset -11 lines).
Hunk #9 succeeded at 2450 (offset -11 lines).
checking file src/bcm/esw/triumph3/hashing.c
Hunk #1 succeeded at 38 (offset -39 lines).
checking file src/bcm/esw/triumph3/ipmc.c
Hunk #1 FAILED at 6996.
1 out of 1 hunk FAILED
checking file src/bcm/esw/triumph3/oam.c
Hunk #1 succeeded at 4514 (offset 45 lines).
Hunk #2 succeeded at 4615 (offset 45 lines).
checking file src/bcm/esw/trx/vlan.c
Hunk #1 succeeded at 1458 (offset -1 lines).
Hunk #2 succeeded at 8524 (offset 699 lines).
checking file src/bcm/esw/vlan.c
Hunk #1 succeeded at 6172 with fuzz 2 (offset 309 lines).
Hunk #2 succeeded at 6249 (offset 315 lines).
Hunk #3 succeeded at 6285 with fuzz 2 (offset 318 lines).
Hunk #4 succeeded at 6361 (offset 324 lines).
Hunk #5 succeeded at 6395 with fuzz 2 (offset 327 lines).
Hunk #6 succeeded at 6467 (offset 333 lines).
checking file src/bcm/rpc/rpc.c
Hunk #1 FAILED at 303.
1 out of 1 hunk FAILED
checking file src/bcmx/bcmx.c
Hunk #1 succeeded at 1818 (offset -39 lines).
checking file src/bcmx/custom.c
Hunk #1 succeeded at 44 (offset -39 lines).
Hunk #2 succeeded at 88 (offset -39 lines).
checking file src/bcmx/mcast.c
Hunk #1 succeeded at 330 (offset -39 lines).
checking file src/sal/appl/editline/sysunix.c
checking file src/sal/appl/linux/sal.c
Hunk #1 succeeded at 6 (offset -39 lines).
Hunk #2 succeeded at 241 (offset -4 lines).
checking file src/sal/core/linux/thread.c
Hunk #1 succeeded at 151 (offset -39 lines).
checking file src/sal/core/unix/alloc.c
Hunk #1 FAILED at 49.
1 out of 3 hunks FAILED
checking file src/sal/core/unix/boot.c
Hunk #1 succeeded at 18 (offset -39 lines).
checking file src/sal/core/unix/thread.c
Hunk #1 succeeded at 43 (offset -38 lines).
Hunk #2 succeeded at 111 (offset -38 lines).
Hunk #3 succeeded at 186 (offset -38 lines).
Hunk #4 succeeded at 206 (offset -38 lines).
Hunk #5 succeeded at 295 (offset -38 lines).
Hunk #6 succeeded at 321 (offset -38 lines).
Hunk #7 succeeded at 365 (offset -38 lines).
Hunk #8 FAILED at 420.
Hunk #9 succeeded at 405 (offset -32 lines).
Hunk #10 succeeded at 439 (offset -32 lines).
Hunk #11 succeeded at 456 (offset -32 lines).
Hunk #12 succeeded at 492 (offset -32 lines).
1 out of 12 hunks FAILED
checking file src/shared/bsl.c
Hunk #1 succeeded at 30 (offset -39 lines).
checking file src/soc/common/cm.c
Hunk #1 FAILED at 70.
Hunk #2 succeeded at 7543 with fuzz 2 (offset 947 lines).
Hunk #3 succeeded at 7622 (offset 947 lines).
Hunk #4 succeeded at 7644 (offset 947 lines).
Hunk #5 succeeded at 7788 (offset 951 lines).
1 out of 5 hunks FAILED
checking file src/soc/common/dma.c
Hunk #1 succeeded at 57 (offset -39 lines).
Hunk #2 FAILED at 1773.
1 out of 2 hunks FAILED
checking file src/soc/common/mem.c
Hunk #1 FAILED at 16652.
1 out of 1 hunk FAILED
checking file src/soc/esw/drv.c
Hunk #1 FAILED at 146.
Hunk #2 FAILED at 6128.
Hunk #3 succeeded at 8064 (offset 1377 lines).
Hunk #4 succeeded at 16511 (offset 2442 lines).
2 out of 4 hunks FAILED
checking file src/soc/esw/hash.c
Hunk #1 succeeded at 1383 (offset -9 lines).
Hunk #2 succeeded at 1565 (offset -8 lines).
checking file src/soc/esw/l2xmsg.c
Hunk #1 succeeded at 1426 (offset 29 lines).
checking file src/soc/esw/trident.c
Hunk #1 succeeded at 8187 (offset 170 lines).
checking file src/soc/i2c/bus.c
Hunk #1 succeeded at 2147 (offset -39 lines).
checking file src/soc/phy/hl65.c
Hunk #1 succeeded at 2091 (offset -39 lines).
checking file src/soc/phy/phy5464.c
Hunk #1 succeeded at 107 (offset -39 lines).
Hunk #2 succeeded at 201 (offset -39 lines).
Hunk #3 succeeded at 222 (offset -39 lines).
Hunk #4 succeeded at 1317 (offset -39 lines).
Hunk #5 succeeded at 3219 (offset -33 lines).
Hunk #6 succeeded at 3255 (offset -33 lines).
Hunk #7 succeeded at 3337 (offset -33 lines).
checking file src/soc/phy/phy54680.c
Hunk #1 succeeded at 1205 (offset -39 lines).
checking file src/soc/phy/phy8706.c
Hunk #1 succeeded at 22 (offset -39 lines).
Hunk #2 succeeded at 511 (offset -39 lines).
Hunk #3 succeeded at 555 (offset -39 lines).
Hunk #4 succeeded at 850 (offset -39 lines).
Hunk #5 succeeded at 1337 (offset -39 lines).
Hunk #6 succeeded at 2358 (offset -39 lines).
Hunk #7 succeeded at 3153 (offset -39 lines).
Hunk #8 succeeded at 3180 (offset -39 lines).
checking file src/soc/phy/phyident.c
Hunk #1 succeeded at 140 (offset -29 lines).
Hunk #2 succeeded at 5859 (offset 397 lines).
Hunk #3 succeeded at 6905 (offset 402 lines).
checking file src/soc/phy/phyreg.c
Hunk #1 succeeded at 19 (offset -39 lines).
Hunk #2 succeeded at 77 (offset -39 lines).
Hunk #3 succeeded at 123 (offset -39 lines).
Hunk #4 succeeded at 140 (offset -39 lines).
Hunk #5 succeeded at 158 (offset -39 lines).
Hunk #6 succeeded at 175 (offset -39 lines).
Hunk #7 succeeded at 194 (offset -39 lines).
Hunk #8 succeeded at 282 (offset -39 lines).
Hunk #9 succeeded at 351 (offset 4 lines).
Hunk #10 FAILED at 428.
Hunk #11 succeeded at 463 (offset 12 lines).
Hunk #12 FAILED at 538.
Hunk #13 succeeded at 672 (offset 34 lines).
Hunk #14 succeeded at 721 (offset 34 lines).
Hunk #15 succeeded at 744 (offset 34 lines).
Hunk #16 succeeded at 802 (offset 34 lines).
Hunk #17 succeeded at 824 (offset 34 lines).
Hunk #18 succeeded at 842 (offset 34 lines).
Hunk #19 succeeded at 861 (offset 34 lines).
Hunk #20 succeeded at 879 (offset 34 lines).
Hunk #21 succeeded at 899 (offset 34 lines).
Hunk #22 succeeded at 917 (offset 34 lines).
Hunk #23 succeeded at 958 (offset 34 lines).
Hunk #24 succeeded at 985 (offset 34 lines).
Hunk #25 succeeded at 1012 (offset 34 lines).
Hunk #26 succeeded at 1034 (offset 34 lines).
Hunk #27 succeeded at 1051 (offset 34 lines).
Hunk #28 succeeded at 1075 (offset 34 lines).
Hunk #29 succeeded at 1092 (offset 34 lines).
Hunk #30 succeeded at 1116 (offset 34 lines).
Hunk #31 succeeded at 1156 (offset 34 lines).
Hunk #32 succeeded at 1175 (offset 34 lines).
Hunk #33 succeeded at 1200 (offset 34 lines).
Hunk #34 succeeded at 1219 (offset 34 lines).
Hunk #35 succeeded at 1244 (offset 34 lines).
Hunk #36 succeeded at 1263 (offset 34 lines).
Hunk #37 succeeded at 1304 (offset 34 lines).
Hunk #38 succeeded at 1324 (offset 34 lines).
Hunk #39 succeeded at 1364 (offset 34 lines).
Hunk #40 succeeded at 1386 (offset 34 lines).
Hunk #41 succeeded at 1425 (offset 34 lines).
2 out of 41 hunks FAILED
checking file src/soc/phy/serdescombo65.c
Hunk #1 succeeded at 1203 (offset -39 lines).
checking file src/soc/phy/wc40.c
Hunk #1 succeeded at 24 (offset -39 lines).
Hunk #2 succeeded at 5466 (offset 4 lines).
Hunk #3 succeeded at 6693 (offset 4 lines).
Hunk #4 succeeded at 7038 (offset 4 lines).
Hunk #5 succeeded at 7664 (offset 16 lines).
Hunk #6 succeeded at 7822 (offset 16 lines).
Hunk #7 succeeded at 7850 (offset 16 lines).
Hunk #8 succeeded at 7874 (offset 16 lines).
Hunk #9 succeeded at 7932 (offset 16 lines).
Hunk #10 succeeded at 10373 (offset 16 lines).
checking file src/soc/phy/wc40_config.c
Hunk #1 succeeded at 289 (offset -39 lines).
checking file src/soc/phy/wc40_extra.h
Hunk #1 succeeded at 181 (offset -38 lines).
checking file src/soc/phy/wcmod/include/wcmod_main.h
Hunk #1 succeeded at 115 (offset -39 lines).
checking file src/soc/phy/wcmod/src/wcmod.c
Hunk #1 succeeded at 34 (offset -39 lines).
Hunk #2 succeeded at 3784 with fuzz 2 (offset 63 lines).
Hunk #3 succeeded at 6722 (offset 222 lines).
Hunk #4 succeeded at 7315 (offset 222 lines).
Hunk #5 succeeded at 7952 (offset 223 lines).
Hunk #6 succeeded at 8318 (offset 223 lines).
Hunk #7 succeeded at 9069 (offset 245 lines).
checking file src/soc/phy/wcmod/src/wcmod_cfg_seq.c
Hunk #1 FAILED at 6288.
Hunk #2 FAILED at 6319.
Hunk #3 succeeded at 6358 (offset -25 lines).
2 out of 3 hunks FAILED
checking file src/soc/phy/wcmod/src/wcmod_phyreg.c
Hunk #1 succeeded at 14 (offset -39 lines).
Hunk #2 FAILED at 310.
1 out of 2 hunks FAILED
checking file systems/bde/linux/kernel/linux-kernel-bde.c
Hunk #1 FAILED at 144.
Hunk #2 FAILED at 164.
Hunk #3 succeeded at 401 (offset -151 lines).
Hunk #4 FAILED at 605.
Hunk #5 succeeded at 1623 (offset -58 lines).
Hunk #6 succeeded at 2034 with fuzz 2 (offset 3 lines).
Hunk #7 succeeded at 2053 (offset 3 lines).
Hunk #8 succeeded at 2155 with fuzz 1 (offset 4 lines).
Hunk #9 FAILED at 2215.
Hunk #10 FAILED at 2371.
Hunk #11 FAILED at 2510.
Hunk #12 FAILED at 2916.
Hunk #13 FAILED at 2964.
Hunk #14 FAILED at 3747.
Hunk #15 succeeded at 3940 (offset -353 lines).
Hunk #16 succeeded at 3993 (offset -353 lines).
Hunk #17 succeeded at 4046 (offset -353 lines).
9 out of 17 hunks FAILED
checking file systems/bde/linux/kernel/Makefile.24
checking file systems/bde/linux/kernel/Makefile.26
checking file systems/bde/linux/kernel/Makefile.kbde
checking file systems/bde/linux/shared/Makefile
checking file systems/bde/linux/user/kernel/Makefile.24
checking file systems/bde/linux/user/kernel/Makefile.26
checking file systems/bde/linux/user/kernel/Makefile.ubde
checking file systems/linux/kernel/modules/include/lkm.h
Hunk #1 succeeded at 29 (offset -39 lines).
checking file systems/linux/user/fastpath-2_6/Makefile
checking file systems/linux/user/fastpath-3_6/Makefile
checking file systems/linux/user/fastpath_common/bdecreate.c
checking file systems/linux/user/fastpath_common/Makefile
checking file systems/linux/user/fastpath_common/Makefile.fastpath
